<?xml version="1.0" encoding="UTF-8"?>
<testng-results skipped="0" failed="0" ignored="0" total="1" passed="1">
  <reporter-output>
  </reporter-output>
  <suite name="Default suite" duration-ms="25042" started-at="2019-04-21T03:00:31Z" finished-at="2019-04-21T03:00:56Z">
    <groups>
    </groups>
    <test name="Default test" duration-ms="25042" started-at="2019-04-21T03:00:31Z" finished-at="2019-04-21T03:00:56Z">
      <class name="com.makeMyTrip.qa.testcases.HomePageTest">
        <test-method status="PASS" signature="setUp()[pri:0, instance:com.makeMyTrip.qa.testcases.HomePageTest@5ed828d]" name="setUp" is-config="true" duration-ms="21805" started-at="2019-04-20T23:00:31Z" finished-at="2019-04-20T23:00:53Z">
          <reporter-output>
          </reporter-output>
        </test-method> <!-- setUp -->
        <test-method status="PASS" signature="tripPlanerTest()[pri:0, instance:com.makeMyTrip.qa.testcases.HomePageTest@5ed828d]" name="tripPlanerTest" duration-ms="3156" started-at="2019-04-20T23:00:53Z" finished-at="2019-04-20T23:00:56Z">
          <reporter-output>
          </reporter-output>
        </test-method> <!-- tripPlanerTest -->
      </class> <!-- com.makeMyTrip.qa.testcases.HomePageTest -->
    </test> <!-- Default test -->
  </suite> <!-- Default suite -->
</testng-results>
